{
  "stats": {
    "suites": 1,
    "tests": 1,
    "passes": 0,
    "pending": 0,
    "failures": 1,
    "start": "2021-05-26T14:01:38.689Z",
    "end": "2021-05-26T14:03:40.739Z",
    "duration": 122050,
    "testsRegistered": 1,
    "passPercent": 0,
    "pendingPercent": 0,
    "other": 0,
    "hasOther": false,
    "skipped": 0,
    "hasSkipped": false
  },
  "results": [
    {
      "uuid": "e46fa009-3b27-40a8-b14b-6fcb372a46ae",
      "title": "",
      "fullFile": "cypress/integration/ondemand_poc.js",
      "file": "cypress/integration/ondemand_poc.js",
      "beforeHooks": [],
      "afterHooks": [],
      "tests": [],
      "suites": [
        {
          "uuid": "7c7e025a-5bb3-4143-9479-4136900edd6f",
          "title": "Actions",
          "fullFile": "",
          "file": "",
          "beforeHooks": [],
          "afterHooks": [],
          "tests": [
            {
              "title": "C2 Sending an OnDemand via the ‘Active Patients’ patient list",
              "fullTitle": "Actions C2 Sending an OnDemand via the ‘Active Patients’ patient list",
              "timedOut": null,
              "duration": 51549,
              "state": "failed",
              "speed": null,
              "pass": false,
              "fail": true,
              "pending": false,
              "context": null,
              "code": "cy.fixture('TestData/TestData.json').then(testData => {\n  let timeStart;\n  let timeEnd;\n  let txtFileName = testData.txtFileLocation + 'OnDemand.txt';\n  cy.writeFile(txtFileName, 'OnDemand_POC\\n');\n  cy.writeFile(txtFileName, 'Sending an OnDemand via the ‘Active Patients’ patient list\\n', {\n    flag: 'a+'\n  });\n  timeStart = new Date();\n  var diff = loginPage.enterEmailAddress(testData.LoginUserName);\n  timeEnd = new Date();\n  let timeData = timeStart + '.' + timeEnd + '.' + (timeEnd.getMilliseconds() - timeStart.getMilliseconds());\n  cy.writeFile(txtFileName, 'Step 1. Entered User Name . Passed. ' + timeData + '\\n', {\n    flag: 'a+'\n  });\n  let timeStart1 = new Date();\n  loginPage.enterPassword(testData.Password);\n  let timeEnd1 = new Date();\n  let timeData1 = timeStart1 + '.' + timeEnd1 + '.' + (timeEnd1.getMilliseconds() - timeStart1.getMilliseconds());\n  cy.writeFile(txtFileName, 'Step 2. Entered Password . Passed. ' + timeData1 + '\\n', {\n    flag: 'a+'\n  });\n  timeStart = new Date();\n  loginPage.clickSignInBtn();\n  timeEnd = new Date();\n  timeData = timeStart + '.' + timeEnd + '.' + (timeEnd.getMilliseconds() - timeStart.getMilliseconds());\n  cy.writeFile(txtFileName, 'Step 3. Clicked SignIn Btn . Passed. ' + timeData + '\\n', {\n    flag: 'a+'\n  });\n  timeStart = new Date();\n  homePage.clickActivePatients();\n  timeEnd = new Date();\n  timeData = timeStart + '.' + timeEnd + '.' + (timeEnd.getMilliseconds() - timeStart.getMilliseconds());\n  cy.writeFile(txtFileName, 'Step 4. Clicked Active Patient . Passed. ' + timeData + '\\n', {\n    flag: 'a+'\n  });\n  timeStart = new Date();\n  homePage.selectFirstPatient();\n  timeEnd = new Date();\n  timeData = timeStart + '.' + timeEnd + '.' + (timeEnd.getMilliseconds() - timeStart.getMilliseconds());\n  cy.writeFile(txtFileName, 'Step 5. Selected First Patient . Passed. ' + timeData + '\\n', {\n    flag: 'a+'\n  });\n  timeStart = new Date();\n  homePage.clickOnDemandUnderActionsMenu();\n  timeEnd = new Date();\n  timeData = timeStart + '.' + timeEnd + '.' + (timeEnd.getMilliseconds() - timeStart.getMilliseconds());\n  cy.writeFile(txtFileName, 'Step 6. Clicked On Demand under Action Menu . Passed. ' + timeData + '\\n', {\n    flag: 'a+'\n  });\n  timeStart = new Date();\n  sendModalPage.clickSelectForOnDemandCampaign();\n  timeEnd = new Date();\n  timeData = timeStart + '.' + timeEnd + '.' + (timeEnd.getMilliseconds() - timeStart.getMilliseconds());\n  cy.writeFile(txtFileName, 'Step 7. Clicked On Demand Campaign . Passed. ' + timeData + '\\n', {\n    flag: 'a+'\n  });\n  timeStart = new Date();\n  sendModalPage.clickSendMessageButton();\n  timeEnd = new Date();\n  timeData = timeStart + '.' + timeEnd + '.' + (timeEnd.getMilliseconds() - timeStart.getMilliseconds());\n  cy.writeFile(txtFileName, 'Step 8. Clicked Send Message Button . Passed. ' + timeData + '\\n', {\n    flag: 'a+'\n  });\n  timeStart = new Date();\n  sendModalPage.validateSuccessMessage();\n  timeEnd = new Date();\n  timeData = timeStart + '.' + timeEnd + '.' + (timeEnd.getMilliseconds() - timeStart.getMilliseconds());\n  cy.writeFile(txtFileName, 'Step 9. Validated Success Message . Passed. ' + timeData + '\\n', {\n    flag: 'a+'\n  });\n  timeStart = new Date();\n  connectionsPage.clickConnectionsLink();\n  timeEnd = new Date();\n  timeData = timeStart + '.' + timeEnd + '.' + (timeEnd.getMilliseconds() - timeStart.getMilliseconds());\n  cy.writeFile(txtFileName, 'Step 10. Clicked Connection Link . Passed. ' + timeData + '\\n', {\n    flag: 'a+'\n  });\n  timeStart = new Date();\n  connectionsPage.clickCompletedLink();\n  timeEnd = new Date();\n  timeData = timeStart + '.' + timeEnd + '.' + (timeEnd.getMilliseconds() - timeStart.getMilliseconds());\n  cy.writeFile(txtFileName, 'Step 11. Clicked Completed Link . Passed. ' + timeData + '\\n', {\n    flag: 'a+'\n  }); // (async function () {\n  //     await exTest();\n  // })()\n});",
              "err": {
                "message": "CypressError: `cy.screenshot()` timed out waiting `30000ms` to complete.",
                "estack": "CypressError: `cy.screenshot()` timed out waiting `30000ms` to complete.\n    at https://beta-account.prescribewellness.com/__cypress/runner/cypress_runner.js:140355:22\n    at tryCatcher (https://beta-account.prescribewellness.com/__cypress/runner/cypress_runner.js:10798:23)\n    at https://beta-account.prescribewellness.com/__cypress/runner/cypress_runner.js:5920:41\n    at tryCatcher (https://beta-account.prescribewellness.com/__cypress/runner/cypress_runner.js:10798:23)\n    at Promise._settlePromiseFromHandler (https://beta-account.prescribewellness.com/__cypress/runner/cypress_runner.js:8733:31)\n    at Promise._settlePromise (https://beta-account.prescribewellness.com/__cypress/runner/cypress_runner.js:8790:18)\n    at Promise._settlePromise0 (https://beta-account.prescribewellness.com/__cypress/runner/cypress_runner.js:8835:10)\n    at Promise._settlePromises (https://beta-account.prescribewellness.com/__cypress/runner/cypress_runner.js:8911:18)\n    at _drainQueueStep (https://beta-account.prescribewellness.com/__cypress/runner/cypress_runner.js:5505:12)\n    at _drainQueue (https://beta-account.prescribewellness.com/__cypress/runner/cypress_runner.js:5498:9)\n    at Async.../../node_modules/bluebird/js/release/async.js.Async._drainQueues (https://beta-account.prescribewellness.com/__cypress/runner/cypress_runner.js:5514:5)\n    at Async.drainQueues (https://beta-account.prescribewellness.com/__cypress/runner/cypress_runner.js:5384:14)",
                "diff": null
              },
              "uuid": "34efb8cc-b7d2-4e51-b459-34e453b0bb72",
              "parentUUID": "7c7e025a-5bb3-4143-9479-4136900edd6f",
              "isHook": false,
              "skipped": false
            }
          ],
          "suites": [],
          "passes": [],
          "failures": [
            "34efb8cc-b7d2-4e51-b459-34e453b0bb72"
          ],
          "pending": [],
          "skipped": [],
          "duration": 51549,
          "root": false,
          "rootEmpty": false,
          "_timeout": 2000
        }
      ],
      "passes": [],
      "failures": [],
      "pending": [],
      "skipped": [],
      "duration": 0,
      "root": true,
      "rootEmpty": true,
      "_timeout": 2000
    }
  ],
  "meta": {
    "mocha": {
      "version": "7.0.1"
    },
    "mochawesome": {
      "options": {
        "quiet": false,
        "reportFilename": "TabulaRasaExecutionReport",
        "saveHtml": true,
        "saveJson": true,
        "consoleReporter": "spec",
        "useInlineDiffs": false,
        "code": true
      },
      "version": "6.2.2"
    },
    "marge": {
      "options": {
        "reportDir": "cypress/results/mochawesome-report",
        "overwrite": false,
        "reportFilename": "TabulaRasaExecutionReport",
        "html": true,
        "json": true
      },
      "version": "5.2.0"
    }
  }
}