{
  "stats": {
    "suites": 1,
    "tests": 1,
    "passes": 0,
    "pending": 0,
    "failures": 1,
    "start": "2021-05-26T20:51:53.818Z",
    "end": "2021-05-26T20:53:39.629Z",
    "duration": 105811,
    "testsRegistered": 1,
    "passPercent": 0,
    "pendingPercent": 0,
    "other": 0,
    "hasOther": false,
    "skipped": 0,
    "hasSkipped": false
  },
  "results": [
    {
      "uuid": "3f42437c-7116-40a0-9fe9-7a23f1e92f84",
      "title": "",
      "fullFile": "cypress/integration/NegativeScenario_ReTry.js",
      "file": "cypress/integration/NegativeScenario_ReTry.js",
      "beforeHooks": [],
      "afterHooks": [],
      "tests": [],
      "suites": [
        {
          "uuid": "e2c8ba4d-8769-4717-8c8e-a43ba3d97c13",
          "title": "Actions",
          "fullFile": "",
          "file": "",
          "beforeHooks": [],
          "afterHooks": [],
          "tests": [
            {
              "title": "Negative Scenario - To showcase RETRY in Cypress",
              "fullTitle": "Actions Negative Scenario - To showcase RETRY in Cypress",
              "timedOut": null,
              "duration": 33571,
              "state": "failed",
              "speed": null,
              "pass": false,
              "fail": true,
              "pending": false,
              "context": null,
              "code": "cy.fixture('TestData/TestData.json').then(testData => {\n  let txtFileName = testData.txtFileLocation + 'NegativeScenario.txt';\n  cy.writeFile(txtFileName, 'Negative_Scenario\\n');\n  cy.writeFile(txtFileName, 'Negative Scenario - To showcase RETRY in Cypress\\n', {\n    flag: 'a+'\n  });\n  loginPage.enterEmailAddress(\"ScriptFaile@gmail.com\");\n  cy.writeFile(txtFileName, 'Step 1. Entered User Name . Passed\\n', {\n    flag: 'a+'\n  });\n  loginPage.enterPassword(testData.Password);\n  cy.writeFile(txtFileName, 'Step 2. Entered Password . Passed\\n', {\n    flag: 'a+'\n  });\n  loginPage.clickSignInBtn();\n  cy.writeFile(txtFileName, 'Step 3. Clicked SignIn Btn . Passed\\n', {\n    flag: 'a+'\n  });\n});",
              "err": {
                "message": "AssertionError: Timed out retrying after 30000ms: Expected to find element: `a[href*='/Home/Dashboard']`, but never found it.",
                "estack": "AssertionError: Timed out retrying after 30000ms: Expected to find element: `a[href*='/Home/Dashboard']`, but never found it.\n    at Context.eval (https://beta-account.prescribewellness.com/__cypress/tests?p=cypress\\integration\\NegativeScenario_ReTry.js:484:10)",
                "diff": null
              },
              "uuid": "2809551f-6836-4da5-85ff-274af22ba537",
              "parentUUID": "e2c8ba4d-8769-4717-8c8e-a43ba3d97c13",
              "isHook": false,
              "skipped": false
            }
          ],
          "suites": [],
          "passes": [],
          "failures": [
            "2809551f-6836-4da5-85ff-274af22ba537"
          ],
          "pending": [],
          "skipped": [],
          "duration": 33571,
          "root": false,
          "rootEmpty": false,
          "_timeout": 2000
        }
      ],
      "passes": [],
      "failures": [],
      "pending": [],
      "skipped": [],
      "duration": 0,
      "root": true,
      "rootEmpty": true,
      "_timeout": 2000
    }
  ],
  "meta": {
    "mocha": {
      "version": "7.0.1"
    },
    "mochawesome": {
      "options": {
        "quiet": false,
        "reportFilename": "TabulaRasaExecutionReport",
        "saveHtml": true,
        "saveJson": true,
        "consoleReporter": "spec",
        "useInlineDiffs": false,
        "code": true
      },
      "version": "6.2.2"
    },
    "marge": {
      "options": {
        "reportDir": "cypress/results/mochawesome-report",
        "overwrite": false,
        "reportFilename": "TabulaRasaExecutionReport",
        "html": true,
        "json": true
      },
      "version": "5.2.0"
    }
  }
}