{
  "stats": {
    "suites": 1,
    "tests": 1,
    "passes": 1,
    "pending": 0,
    "failures": 0,
    "start": "2021-05-26T13:58:46.646Z",
    "end": "2021-05-26T14:01:03.564Z",
    "duration": 136918,
    "testsRegistered": 1,
    "passPercent": 100,
    "pendingPercent": 0,
    "other": 0,
    "hasOther": false,
    "skipped": 0,
    "hasSkipped": false
  },
  "results": [
    {
      "uuid": "03cc7298-1c6b-4afb-a519-95c81eb4fcd8",
      "title": "",
      "fullFile": "cypress/integration/ecare_poc.js",
      "file": "cypress/integration/ecare_poc.js",
      "beforeHooks": [],
      "afterHooks": [],
      "tests": [],
      "suites": [
        {
          "uuid": "3db08073-21f8-4bcd-96c9-e44ec4a4e0be",
          "title": "Actions",
          "fullFile": "",
          "file": "",
          "beforeHooks": [],
          "afterHooks": [],
          "tests": [
            {
              "title": "C1 Adding eCare encounter via adding a new patient profile",
              "fullTitle": "Actions C1 Adding eCare encounter via adding a new patient profile",
              "timedOut": null,
              "duration": 134885,
              "state": "passed",
              "speed": "slow",
              "pass": true,
              "fail": false,
              "pending": false,
              "context": null,
              "code": "cy.fixture('TestData/TestData.json').then(testData => {\n  let txtFileName = testData.txtFileLocation + 'eCare.txt';\n  cy.writeFile(txtFileName, 'eCare_POC\\n');\n  cy.writeFile(txtFileName, 'Adding eCare encounter via adding a new patient profile\\n', {\n    flag: 'a+'\n  });\n  loginPage.enterEmailAddress(testData.LoginUserName);\n  cy.writeFile(txtFileName, 'Step 1. Entered User Name . Passed\\n', {\n    flag: 'a+'\n  });\n  loginPage.enterPassword(testData.Password);\n  cy.writeFile(txtFileName, 'Step 2. Entered Password . Passed\\n', {\n    flag: 'a+'\n  });\n  loginPage.clickSignInBtn();\n  cy.writeFile(txtFileName, 'Step 3. Clicked SignIn Btn . Passed\\n', {\n    flag: 'a+'\n  });\n  homePage.ClickAddPatientUnderGearIcon();\n  cy.writeFile(txtFileName, 'Step 4. Clicked Add New patient under Gear Icon . Passed\\n', {\n    flag: 'a+'\n  });\n  let firstname = testData.PatientFirstName + Math.floor(Math.random() * 100000);\n  let lastname = testData.PatientLastName + Math.floor(Math.random() * 100000);\n  addPatient.fillPatientDetails(firstname, lastname, testData.Address, testData.City, testData.State, testData.ZIP);\n  cy.writeFile(txtFileName, 'Step 5. Filled Patient Details . Passed\\n', {\n    flag: 'a+'\n  });\n  cy.writeFile(txtFileName, 'Step 5a. Firstname:' + firstname + '. Passed\\n', {\n    flag: 'a+'\n  });\n  cy.writeFile(txtFileName, 'Step 5b. Lastname:' + lastname + '. Passed\\n', {\n    flag: 'a+'\n  });\n  cy.writeFile(txtFileName, 'Step 5c. Address:' + testData.Address + '. Passed\\n', {\n    flag: 'a+'\n  });\n  cy.writeFile(txtFileName, 'Step 5d. City:' + testData.City + '. Passed\\n', {\n    flag: 'a+'\n  });\n  cy.writeFile(txtFileName, 'Step 5e. State:' + testData.State + '. Passed\\n', {\n    flag: 'a+'\n  });\n  cy.writeFile(txtFileName, 'Step 5f. ZIP:' + testData.ZIP + '. Passed\\n', {\n    flag: 'a+'\n  });\n  addPatient.fillPatientContactAndClickAddButton();\n  cy.writeFile(txtFileName, 'Step 6. Created New Patient . Passed\\n', {\n    flag: 'a+'\n  }); //Instead of validating Green Toaster. We verified Created Patient Firstname & Lastname on Patient Page\n  //Technical Reason: Since the Green Toaster created on old DOM & as soon as we click OK new DOM gets loaded \n  //(i.e) New page navigated. So we took this approach\n  addPatient.validateCreatedPatient(firstname, lastname);\n  cy.writeFile(txtFileName, 'Step 7. Created Patient Validated . Passed\\n', {\n    flag: 'a+'\n  });\n  patientDetailsPage.ClickMedicationTab();\n  cy.writeFile(txtFileName, 'Step 8. Clicked Medication Tab . Passed\\n', {\n    flag: 'a+'\n  });\n  patientDetailsPage.ClickPatientReportedMedicationTab();\n  cy.writeFile(txtFileName, 'Step 9. Clicked Patient Reported Medication Tab . Passed\\n', {\n    flag: 'a+'\n  });\n  patientDetailsPage.addnewMedicationForPatient();\n  cy.writeFile(txtFileName, 'Step 10. Added medication details for newly created patient . Passed\\n', {\n    flag: 'a+'\n  }); //We validated Green Toaster - On this instance entire DOM is not refreshed & navigate to different page\n  //So, we validated short burst message\n  patientDetailsPage.validateAddedMedicationSuccessMessage();\n  cy.writeFile(txtFileName, 'Step 11. Validated newly added medication success message . Passed\\n', {\n    flag: 'a+'\n  });\n  patientDetailsPage.ClickeCarePlansTab();\n  cy.writeFile(txtFileName, 'Step 12. Clicked eCare Plans Tab . Passed\\n', {\n    flag: 'a+'\n  });\n  patientDetailsPage.ClickeCarePlanUnderAddEncounter();\n  cy.writeFile(txtFileName, 'Step 13. Clicked eCare Plan under Add Encounter menu . Passed\\n', {\n    flag: 'a+'\n  });\n  patientDetailsPage.filleCarePlan_NewEncounter_OverviewDetails();\n  cy.writeFile(txtFileName, 'Step 14. Filled Overview Details for new encounter under eCare plan . Passed\\n', {\n    flag: 'a+'\n  });\n  patientDetailsPage.filleCarePlan_NewEncounter_PatientDetails();\n  cy.writeFile(txtFileName, 'Step 15. Filled Patient Details for new encounter under eCare plan . Passed\\n', {\n    flag: 'a+'\n  });\n  patientDetailsPage.filleCarePlan_NewEncounter_Insurance_AddNewPlan_Details();\n  cy.writeFile(txtFileName, 'Step 16. Filled Insurance Details (Add New Plan) for new encounter under eCare plan . Passed\\n', {\n    flag: 'a+'\n  });\n  patientDetailsPage.filleCarePlan_NewEncounter_MedicalHistory_AddCondition_Details();\n  cy.writeFile(txtFileName, 'Step 17. Filled Add Conditions Details (Medical History) for new encounter under eCare plan . Passed\\n', {\n    flag: 'a+'\n  });\n  patientDetailsPage.filleCarePlan_NewEncounter_MedicationDetails();\n  cy.writeFile(txtFileName, 'Step 18. Filled Medication Details for new encounter under eCare plan . Passed\\n', {\n    flag: 'a+'\n  });\n  patientDetailsPage.filleCarePlan_NewEncounter_GoalsDetails();\n  cy.writeFile(txtFileName, 'Step 19. Filled Goals Details for new encounter under eCare plan . Passed\\n', {\n    flag: 'a+'\n  });\n  patientDetailsPage.completeEncounter();\n  cy.writeFile(txtFileName, 'Step 20. Clicked Complete Encounter . Passed\\n', {\n    flag: 'a+'\n  }); //Added validation for existence of \"re-open\" button which verifies the successful completion of eCare Goal/Plan\n  patientDetailsPage.validateeCareCompleted();\n  cy.writeFile(txtFileName, 'Step 21. Validated eCare Completed . Passed\\n', {\n    flag: 'a+'\n  });\n});",
              "err": {},
              "uuid": "d24fe4c6-7f0f-4240-a5a8-777f1b4b51ed",
              "parentUUID": "3db08073-21f8-4bcd-96c9-e44ec4a4e0be",
              "isHook": false,
              "skipped": false
            }
          ],
          "suites": [],
          "passes": [
            "d24fe4c6-7f0f-4240-a5a8-777f1b4b51ed"
          ],
          "failures": [],
          "pending": [],
          "skipped": [],
          "duration": 134885,
          "root": false,
          "rootEmpty": false,
          "_timeout": 2000
        }
      ],
      "passes": [],
      "failures": [],
      "pending": [],
      "skipped": [],
      "duration": 0,
      "root": true,
      "rootEmpty": true,
      "_timeout": 2000
    }
  ],
  "meta": {
    "mocha": {
      "version": "7.0.1"
    },
    "mochawesome": {
      "options": {
        "quiet": false,
        "reportFilename": "TabulaRasaExecutionReport",
        "saveHtml": true,
        "saveJson": true,
        "consoleReporter": "spec",
        "useInlineDiffs": false,
        "code": true
      },
      "version": "6.2.2"
    },
    "marge": {
      "options": {
        "reportDir": "cypress/results/mochawesome-report",
        "overwrite": false,
        "reportFilename": "TabulaRasaExecutionReport",
        "html": true,
        "json": true
      },
      "version": "5.2.0"
    }
  }
}