{
  "stats": {
    "suites": 1,
    "tests": 1,
    "passes": 1,
    "pending": 0,
    "failures": 0,
    "start": "2021-05-24T11:50:58.967Z",
    "end": "2021-05-24T11:51:59.978Z",
    "duration": 61011,
    "testsRegistered": 1,
    "passPercent": 100,
    "pendingPercent": 0,
    "other": 0,
    "hasOther": false,
    "skipped": 0,
    "hasSkipped": false
  },
  "results": [
    {
      "uuid": "bea2fcdf-0de7-4d33-8253-292cb05c6fdd",
      "title": "",
      "fullFile": "cypress\\integration\\ondemand_poc.js",
      "file": "cypress\\integration\\ondemand_poc.js",
      "beforeHooks": [],
      "afterHooks": [],
      "tests": [],
      "suites": [
        {
          "uuid": "ab459df2-634a-4ff2-9f85-011d63499bc7",
          "title": "Sending an OnDemand via the ‘Active Patients’ patient list",
          "fullFile": "",
          "file": "",
          "beforeHooks": [],
          "afterHooks": [],
          "tests": [
            {
              "title": "Sending an OnDemand via the ‘Active Patients’ patient list",
              "fullTitle": "Sending an OnDemand via the ‘Active Patients’ patient list Sending an OnDemand via the ‘Active Patients’ patient list",
              "timedOut": null,
              "duration": 58319,
              "state": "passed",
              "speed": "slow",
              "pass": true,
              "fail": false,
              "pending": false,
              "context": null,
              "code": "cy.fixture('TestData/TestData.json').then(function (testData) {\n  loginPage.enterEmailAddress(testData.LoginUserName);\n  loginPage.enterPassword(testData.Password);\n  loginPage.clickSignInBtn();\n  homePage.clickActivePatients();\n  homePage.selectFirstPatient();\n  homePage.clickOnDemandUnderActionsMenu();\n  sendModalPage.clickSelectForOnDemandCampaign();\n  sendModalPage.clickSendMessageButton();\n  sendModalPage.validateSuccessMessage();\n  connectionsPage.clickConnectionsLink();\n  connectionsPage.clickCompletedLink();\n});",
              "err": {},
              "uuid": "8a8d12e8-f9bb-4f1f-998f-2742eeb56765",
              "parentUUID": "ab459df2-634a-4ff2-9f85-011d63499bc7",
              "isHook": false,
              "skipped": false
            }
          ],
          "suites": [],
          "passes": [
            "8a8d12e8-f9bb-4f1f-998f-2742eeb56765"
          ],
          "failures": [],
          "pending": [],
          "skipped": [],
          "duration": 58319,
          "root": false,
          "rootEmpty": false,
          "_timeout": 2000
        }
      ],
      "passes": [],
      "failures": [],
      "pending": [],
      "skipped": [],
      "duration": 0,
      "root": true,
      "rootEmpty": true,
      "_timeout": 2000
    }
  ],
  "meta": {
    "mocha": {
      "version": "7.0.1"
    },
    "mochawesome": {
      "options": {
        "quiet": false,
        "reportFilename": "TabulaRasaExecutionReport",
        "saveHtml": true,
        "saveJson": true,
        "consoleReporter": "spec",
        "useInlineDiffs": false,
        "code": true
      },
      "version": "6.2.2"
    },
    "marge": {
      "options": {
        "reportDir": "cypress/results/mochawesome-report",
        "overwrite": false,
        "reportFilename": "TabulaRasaExecutionReport",
        "html": true,
        "json": true
      },
      "version": "5.2.0"
    }
  }
}