{
  "stats": {
    "suites": 1,
    "tests": 1,
    "passes": 0,
    "pending": 0,
    "failures": 1,
    "start": "2021-05-26T14:04:07.770Z",
    "end": "2021-05-26T14:06:21.888Z",
    "duration": 134118,
    "testsRegistered": 1,
    "passPercent": 0,
    "pendingPercent": 0,
    "other": 0,
    "hasOther": false,
    "skipped": 0,
    "hasSkipped": false
  },
  "results": [
    {
      "uuid": "04d02d95-145e-4204-9b3f-300e254b62b6",
      "title": "",
      "fullFile": "cypress/integration/vaccinations_poc.js",
      "file": "cypress/integration/vaccinations_poc.js",
      "beforeHooks": [],
      "afterHooks": [],
      "tests": [],
      "suites": [
        {
          "uuid": "38ae5281-0446-41e5-b0d3-7c2fd7278eee",
          "title": "Actions",
          "fullFile": "",
          "file": "",
          "beforeHooks": [],
          "afterHooks": [],
          "tests": [
            {
              "title": "C3 Administering vaccine via adding a new patient profile",
              "fullTitle": "Actions C3 Administering vaccine via adding a new patient profile",
              "timedOut": null,
              "duration": 42867,
              "state": "failed",
              "speed": null,
              "pass": false,
              "fail": true,
              "pending": false,
              "context": null,
              "code": "cy.fixture('TestData/TestData.json').then(testData => {\n  let txtFileName = testData.txtFileLocation + 'Vaccinations.txt';\n  cy.writeFile(txtFileName, 'Vaccinations_POC\\n');\n  cy.writeFile(txtFileName, 'Administering vaccine via adding a new patient profile\\n', {\n    flag: 'a+'\n  });\n  loginPage.enterEmailAddress(testData.LoginUserName);\n  cy.writeFile(txtFileName, 'Step 1. Entered User Name . Passed\\n', {\n    flag: 'a+'\n  });\n  loginPage.enterPassword(testData.Password);\n  cy.writeFile(txtFileName, 'Step 2. Entered Password . Passed\\n', {\n    flag: 'a+'\n  });\n  loginPage.clickSignInBtn();\n  cy.writeFile(txtFileName, 'Step 3. Clicked SignIn Btn . Passed\\n', {\n    flag: 'a+'\n  });\n  homePage.ClickAddPatientUnderGearIcon();\n  cy.writeFile(txtFileName, 'Step 4. Clicked Add New patient under Gear Icon . Passed\\n', {\n    flag: 'a+'\n  });\n  let firstname = testData.PatientFirstName + Math.floor(Math.random() * 100000);\n  let lastname = testData.PatientLastName + Math.floor(Math.random() * 100000);\n  addPatient.fillPatientDetails(firstname, lastname, testData.Address, testData.City, testData.State, testData.ZIP);\n  cy.writeFile(txtFileName, 'Step 5. Filled Patient Details . Passed\\n', {\n    flag: 'a+'\n  });\n  cy.writeFile(txtFileName, 'Step 5a. Firstname:' + firstname + '. Passed\\n', {\n    flag: 'a+'\n  });\n  cy.writeFile(txtFileName, 'Step 5b. Lastname:' + lastname + '. Passed\\n', {\n    flag: 'a+'\n  });\n  cy.writeFile(txtFileName, 'Step 5c. Address:' + testData.Address + '. Passed\\n', {\n    flag: 'a+'\n  });\n  cy.writeFile(txtFileName, 'Step 5d. City:' + testData.City + '. Passed\\n', {\n    flag: 'a+'\n  });\n  cy.writeFile(txtFileName, 'Step 5e. State:' + testData.State + '. Passed\\n', {\n    flag: 'a+'\n  });\n  cy.writeFile(txtFileName, 'Step 5f. ZIP:' + testData.ZIP + '. Passed\\n', {\n    flag: 'a+'\n  });\n  addPatient.fillPatientContactAndClickAddButton();\n  cy.writeFile(txtFileName, 'Step 6. Created New Patient . Passed\\n', {\n    flag: 'a+'\n  }); //Instead of validating Green Toaster. We verified Created Patient Firstname & Lastname on Patient Page\n  //Technical Reason: Since the Green Toaster created on old DOM & as soon as we click OK new DOM gets loaded \n  //(i.e) New page navigated. So we took this approach\n  addPatient.validateCreatedPatient(firstname, lastname);\n  cy.writeFile(txtFileName, 'Step 7. Created Patient Validated . Passed\\n', {\n    flag: 'a+'\n  }); //** Add validate for that  green toaster message stating:\n  //** “Success Account creation successful” should display in upper-right hand corner  */\n  patientDetailsPage.ClickVaccinationsTab();\n  cy.writeFile(txtFileName, 'Step 8. Clicked Vaccination Tab . Passed\\n', {\n    flag: 'a+'\n  });\n  patientDetailsPage.ClickAddNewButton();\n  cy.writeFile(txtFileName, 'Step 8. Clicked Vaccination Tab . Passed\\n', {\n    flag: 'a+'\n  });\n  patientDetailsPage.fillVaccineDetails();\n  cy.writeFile(txtFileName, 'Step 9. Filled Vaccination Details . Passed\\n', {\n    flag: 'a+'\n  });\n  patientDetailsPage.fillPatientDetails();\n  cy.writeFile(txtFileName, 'Step 10. Filled Patient Details . Passed\\n', {\n    flag: 'a+'\n  });\n  patientDetailsPage.fillContactDetails();\n  cy.writeFile(txtFileName, 'Step 11. Filled Contact Details . Passed\\n', {\n    flag: 'a+'\n  }); // Validated Green Toaster Success Message\n  patientDetailsPage.validateVaccineAdministered();\n  cy.writeFile(txtFileName, 'Step 12. Validated Vaccine Administered message . Passed\\n', {\n    flag: 'a+'\n  });\n});",
              "err": {
                "message": "CypressError: `cy.visit()` failed trying to load:\n\nhttps://beta-web.prescribewellness.com/Patient/Details?undefined\n\nThe response we received from your web server was:\n\n  > 500: Internal Server Error\n\nThis was considered a failure because the status code was not `2xx`.\n\nIf you do not want status codes to cause failures pass the option: `failOnStatusCode: false`",
                "estack": "CypressError: `cy.visit()` failed trying to load:\n\nhttps://beta-web.prescribewellness.com/Patient/Details?undefined\n\nThe response we received from your web server was:\n\n  > 500: Internal Server Error\n\nThis was considered a failure because the status code was not `2xx`.\n\nIf you do not want status codes to cause failures pass the option: `failOnStatusCode: false`\n    at https://beta-account.prescribewellness.com/__cypress/runner/cypress_runner.js:138969:25\n    at visitFailedByErr (https://beta-account.prescribewellness.com/__cypress/runner/cypress_runner.js:138344:12)\n    at https://beta-account.prescribewellness.com/__cypress/runner/cypress_runner.js:138949:13\n    at tryCatcher (https://beta-account.prescribewellness.com/__cypress/runner/cypress_runner.js:10798:23)\n    at Promise._settlePromiseFromHandler (https://beta-account.prescribewellness.com/__cypress/runner/cypress_runner.js:8733:31)\n    at Promise._settlePromise (https://beta-account.prescribewellness.com/__cypress/runner/cypress_runner.js:8790:18)\n    at Promise._settlePromise0 (https://beta-account.prescribewellness.com/__cypress/runner/cypress_runner.js:8835:10)\n    at Promise._settlePromises (https://beta-account.prescribewellness.com/__cypress/runner/cypress_runner.js:8911:18)\n    at _drainQueueStep (https://beta-account.prescribewellness.com/__cypress/runner/cypress_runner.js:5505:12)\n    at _drainQueue (https://beta-account.prescribewellness.com/__cypress/runner/cypress_runner.js:5498:9)\n    at Async.../../node_modules/bluebird/js/release/async.js.Async._drainQueues (https://beta-account.prescribewellness.com/__cypress/runner/cypress_runner.js:5514:5)\n    at Async.drainQueues (https://beta-account.prescribewellness.com/__cypress/runner/cypress_runner.js:5384:14)\nFrom Your Spec Code:\n    at Context.eval (https://beta-account.prescribewellness.com/__cypress/tests?p=cypress\\integration\\vaccinations_poc.js:173:12)",
                "diff": null
              },
              "uuid": "e1aa5106-3985-4d21-aa53-9c2396dd7a03",
              "parentUUID": "38ae5281-0446-41e5-b0d3-7c2fd7278eee",
              "isHook": false,
              "skipped": false
            }
          ],
          "suites": [],
          "passes": [],
          "failures": [
            "e1aa5106-3985-4d21-aa53-9c2396dd7a03"
          ],
          "pending": [],
          "skipped": [],
          "duration": 42867,
          "root": false,
          "rootEmpty": false,
          "_timeout": 2000
        }
      ],
      "passes": [],
      "failures": [],
      "pending": [],
      "skipped": [],
      "duration": 0,
      "root": true,
      "rootEmpty": true,
      "_timeout": 2000
    }
  ],
  "meta": {
    "mocha": {
      "version": "7.0.1"
    },
    "mochawesome": {
      "options": {
        "quiet": false,
        "reportFilename": "TabulaRasaExecutionReport",
        "saveHtml": true,
        "saveJson": true,
        "consoleReporter": "spec",
        "useInlineDiffs": false,
        "code": true
      },
      "version": "6.2.2"
    },
    "marge": {
      "options": {
        "reportDir": "cypress/results/mochawesome-report",
        "overwrite": false,
        "reportFilename": "TabulaRasaExecutionReport",
        "html": true,
        "json": true
      },
      "version": "5.2.0"
    }
  }
}