{
  "stats": {
    "suites": 1,
    "tests": 0,
    "passes": 0,
    "pending": 0,
    "failures": 0,
    "start": "2021-06-01T05:27:09.540Z",
    "end": "2021-06-01T05:29:20.858Z",
    "duration": 131318,
    "testsRegistered": 1,
    "passPercent": 0,
    "pendingPercent": 0,
    "other": 0,
    "hasOther": false,
    "skipped": 1,
    "hasSkipped": true
  },
  "results": [
    {
      "uuid": "542a9948-175d-47a9-8c74-fa9d64983131",
      "title": "",
      "fullFile": "cypress/integration/vaccinations_poc.js",
      "file": "cypress/integration/vaccinations_poc.js",
      "beforeHooks": [],
      "afterHooks": [],
      "tests": [],
      "suites": [
        {
          "uuid": "66302132-4e57-4850-9d46-1a4f5b30eab6",
          "title": "(Vaccination)",
          "fullFile": "",
          "file": "",
          "beforeHooks": [],
          "afterHooks": [],
          "tests": [
            {
              "title": "C3 Administering vaccine via adding a new patient profile",
              "fullTitle": "(Vaccination) C3 Administering vaccine via adding a new patient profile",
              "timedOut": null,
              "duration": 0,
              "state": "skipped",
              "speed": null,
              "pass": false,
              "fail": false,
              "pending": false,
              "context": null,
              "code": "cy.fixture('TestData/TestData.json').then(function (testData) {\n  var txtFileName = testData.txtFileLocation + 'Vaccinations.txt';\n  cy.writeFile(txtFileName, 'Vaccinations_POC\\n');\n  cy.writeFile(txtFileName, 'Administering vaccine via adding a new patient profile\\n', {\n    flag: 'a+'\n  });\n  loginPage.enterEmailAddress(testData.LoginUserName);\n  cy.writeFile(txtFileName, 'Step 1. Entered User Name . Passed\\n', {\n    flag: 'a+'\n  });\n  loginPage.enterPassword(testData.Password);\n  cy.writeFile(txtFileName, 'Step 2. Entered Password . Passed\\n', {\n    flag: 'a+'\n  });\n  loginPage.clickSignInBtn();\n  cy.writeFile(txtFileName, 'Step 3. Clicked SignIn Btn . Passed\\n', {\n    flag: 'a+'\n  });\n  homePage.ClickAddPatientUnderGearIcon();\n  cy.writeFile(txtFileName, 'Step 4. Clicked Add New patient under Gear Icon . Passed\\n', {\n    flag: 'a+'\n  });\n  var firstname = testData.PatientFirstName + Math.floor(Math.random() * 100000);\n  var lastname = testData.PatientLastName + Math.floor(Math.random() * 100000);\n  addPatient.fillPatientDetails(firstname, lastname, testData.Address, testData.City, testData.State, testData.ZIP);\n  cy.writeFile(txtFileName, 'Step 5. Filled Patient Details . Passed\\n', {\n    flag: 'a+'\n  });\n  cy.writeFile(txtFileName, 'Step 5a. Firstname:' + firstname + '. Passed\\n', {\n    flag: 'a+'\n  });\n  cy.writeFile(txtFileName, 'Step 5b. Lastname:' + lastname + '. Passed\\n', {\n    flag: 'a+'\n  });\n  cy.writeFile(txtFileName, 'Step 5c. Address:' + testData.Address + '. Passed\\n', {\n    flag: 'a+'\n  });\n  cy.writeFile(txtFileName, 'Step 5d. City:' + testData.City + '. Passed\\n', {\n    flag: 'a+'\n  });\n  cy.writeFile(txtFileName, 'Step 5e. State:' + testData.State + '. Passed\\n', {\n    flag: 'a+'\n  });\n  cy.writeFile(txtFileName, 'Step 5f. ZIP:' + testData.ZIP + '. Passed\\n', {\n    flag: 'a+'\n  });\n  addPatient.fillPatientContactAndClickAddButton();\n  cy.writeFile(txtFileName, 'Step 6. Created New Patient . Passed\\n', {\n    flag: 'a+'\n  }); //Instead of validating Green Toaster. We verified Created Patient Firstname & Lastname on Patient Page\n  //Technical Reason: Since the Green Toaster created on old DOM & as soon as we click OK new DOM gets loaded \n  //(i.e) New page navigated. So we took this approach\n  addPatient.validateCreatedPatient(firstname, lastname);\n  cy.writeFile(txtFileName, 'Step 7. Created Patient Validated . Passed\\n', {\n    flag: 'a+'\n  }); //** Add validate for that  green toaster message stating:\n  //** “Success Account creation successful” should display in upper-right hand corner  */\n  patientDetailsPage.ClickVaccinationsTab();\n  cy.writeFile(txtFileName, 'Step 8. Clicked Vaccination Tab . Passed\\n', {\n    flag: 'a+'\n  });\n  patientDetailsPage.ClickAddNewButton();\n  cy.writeFile(txtFileName, 'Step 8. Clicked Vaccination Tab . Passed\\n', {\n    flag: 'a+'\n  });\n  patientDetailsPage.fillVaccineDetails();\n  cy.writeFile(txtFileName, 'Step 9. Filled Vaccination Details . Passed\\n', {\n    flag: 'a+'\n  });\n  patientDetailsPage.fillPatientDetails();\n  cy.writeFile(txtFileName, 'Step 10. Filled Patient Details . Passed\\n', {\n    flag: 'a+'\n  });\n  patientDetailsPage.fillContactDetails();\n  cy.writeFile(txtFileName, 'Step 11. Filled Contact Details . Passed\\n', {\n    flag: 'a+'\n  }); // Validated Green Toaster Success Message\n  patientDetailsPage.validateVaccineAdministered();\n  cy.writeFile(txtFileName, 'Step 12. Validated Vaccine Administered message . Passed\\n', {\n    flag: 'a+'\n  }); // Validated Vaccine History\n  patientDetailsPage.validateVaccineHistorySectionForAddedVaccine();\n  cy.writeFile(txtFileName, 'Step 13. Validated Vaccine History Section for added vaccination . Passed\\n', {\n    flag: 'a+'\n  });\n});",
              "err": {},
              "uuid": "72d35b3e-3b85-47a0-854d-bcc3992de541",
              "parentUUID": "66302132-4e57-4850-9d46-1a4f5b30eab6",
              "isHook": false,
              "skipped": true
            }
          ],
          "suites": [],
          "passes": [],
          "failures": [],
          "pending": [],
          "skipped": [
            "72d35b3e-3b85-47a0-854d-bcc3992de541"
          ],
          "duration": 0,
          "root": false,
          "rootEmpty": false,
          "_timeout": 2000
        }
      ],
      "passes": [],
      "failures": [],
      "pending": [],
      "skipped": [],
      "duration": 0,
      "root": true,
      "rootEmpty": true,
      "_timeout": 2000
    }
  ],
  "meta": {
    "mocha": {
      "version": "7.0.1"
    },
    "mochawesome": {
      "options": {
        "quiet": false,
        "reportFilename": "TabulaRasaExecutionReport",
        "saveHtml": true,
        "saveJson": true,
        "consoleReporter": "spec",
        "useInlineDiffs": false,
        "code": true
      },
      "version": "6.2.2"
    },
    "marge": {
      "options": {
        "reportDir": "cypress/results/mochawesome-report",
        "overwrite": false,
        "reportFilename": "TabulaRasaExecutionReport",
        "html": true,
        "json": true
      },
      "version": "5.2.0"
    }
  }
}