{
  "stats": {
    "suites": 1,
    "tests": 1,
    "passes": 0,
    "pending": 0,
    "failures": 1,
    "start": "2021-05-24T10:42:09.966Z",
    "end": "2021-05-24T10:42:16.267Z",
    "duration": 6301,
    "testsRegistered": 1,
    "passPercent": 0,
    "pendingPercent": 0,
    "other": 0,
    "hasOther": false,
    "skipped": 0,
    "hasSkipped": false
  },
  "results": [
    {
      "uuid": "6542c8f2-7951-47bb-8b29-ffd006e8b5a4",
      "title": "",
      "fullFile": "cypress\\integration\\ondemand_poc.js",
      "file": "cypress\\integration\\ondemand_poc.js",
      "beforeHooks": [],
      "afterHooks": [],
      "tests": [],
      "suites": [
        {
          "uuid": "3658391e-136e-4004-8e10-247dfb305d7e",
          "title": "Actions",
          "fullFile": "",
          "file": "",
          "beforeHooks": [],
          "afterHooks": [],
          "tests": [
            {
              "title": "Sending an OnDemand via the ‘Active Patients’ patient list",
              "fullTitle": "Actions Sending an OnDemand via the ‘Active Patients’ patient list",
              "timedOut": null,
              "duration": 4968,
              "state": "failed",
              "speed": null,
              "pass": false,
              "fail": true,
              "pending": false,
              "context": null,
              "code": "cy.fixture('TestData/TestData.json').then(function (testData) {\n  loginPage.enterEmailAddress(testData.LoginUserName);\n  loginPage.enterPassword(testData.Password);\n  loginPage.clickSignInBtn();\n  homePage.clickActivePatients();\n  homePage.selectFirstPatient();\n  homePage.clickOnDemandUnderActionsMenu();\n  sendModalPage.clickSelectForOnDemandCampaign();\n  sendModalPage.clickSendMessageButton();\n  sendModalPage.validateSuccessMessage();\n  connectionsPage.clickConnectionsLink();\n  connectionsPage.clickCompletedLink();\n});",
              "err": {
                "message": "AssertionError: Timed out retrying after 4000ms: Expected to find element: `input[name='UserNames']`, but never found it.",
                "estack": "AssertionError: Timed out retrying after 4000ms: Expected to find element: `input[name='UserNames']`, but never found it.\n    at Context.eval (https://beta-account.prescribewellness.com/__cypress/tests?p=cypress\\integration\\ondemand_poc.js:394:12)",
                "diff": null
              },
              "uuid": "670d55a4-ad47-4dbb-bd03-2615ff1ddf31",
              "parentUUID": "3658391e-136e-4004-8e10-247dfb305d7e",
              "isHook": false,
              "skipped": false
            }
          ],
          "suites": [],
          "passes": [],
          "failures": [
            "670d55a4-ad47-4dbb-bd03-2615ff1ddf31"
          ],
          "pending": [],
          "skipped": [],
          "duration": 4968,
          "root": false,
          "rootEmpty": false,
          "_timeout": 2000
        }
      ],
      "passes": [],
      "failures": [],
      "pending": [],
      "skipped": [],
      "duration": 0,
      "root": true,
      "rootEmpty": true,
      "_timeout": 2000
    }
  ],
  "meta": {
    "mocha": {
      "version": "7.0.1"
    },
    "mochawesome": {
      "options": {
        "quiet": false,
        "reportFilename": "TabulaRasaExecutionReport",
        "saveHtml": true,
        "saveJson": true,
        "consoleReporter": "spec",
        "useInlineDiffs": false,
        "code": true
      },
      "version": "6.2.2"
    },
    "marge": {
      "options": {
        "reportDir": "cypress/results/mochawesome-report",
        "overwrite": false,
        "reportFilename": "TabulaRasaExecutionReport",
        "html": true,
        "json": true
      },
      "version": "5.2.0"
    }
  }
}