{
  "stats": {
    "suites": 1,
    "tests": 1,
    "passes": 1,
    "pending": 0,
    "failures": 0,
    "start": "2021-05-28T16:40:38.065Z",
    "end": "2021-05-28T16:41:36.999Z",
    "duration": 58934,
    "testsRegistered": 1,
    "passPercent": 100,
    "pendingPercent": 0,
    "other": 0,
    "hasOther": false,
    "skipped": 0,
    "hasSkipped": false
  },
  "results": [
    {
      "uuid": "7fe2e02b-d258-4d2e-92b5-8a4bc2ecfe52",
      "title": "",
      "fullFile": "cypress/integration/ondemand_poc.js",
      "file": "cypress/integration/ondemand_poc.js",
      "beforeHooks": [],
      "afterHooks": [],
      "tests": [],
      "suites": [
        {
          "uuid": "d42004bd-f246-4852-a857-5e5711f6ae0c",
          "title": "(onDemand)",
          "fullFile": "",
          "file": "",
          "beforeHooks": [],
          "afterHooks": [],
          "tests": [
            {
              "title": "C2 Sending an OnDemand via the ‘Active Patients’ patient list",
              "fullTitle": "(onDemand) C2 Sending an OnDemand via the ‘Active Patients’ patient list",
              "timedOut": null,
              "duration": 56872,
              "state": "passed",
              "speed": "slow",
              "pass": true,
              "fail": false,
              "pending": false,
              "context": null,
              "code": "cy.fixture('TestData/TestData.json').then(function (testData) {\n  var timeStart;\n  var timeEnd;\n  var txtFileName = testData.txtFileLocation + 'OnDemand.txt';\n  cy.writeFile(txtFileName, 'OnDemand_POC\\n');\n  cy.writeFile(txtFileName, 'Sending an OnDemand via the ‘Active Patients’ patient list\\n', {\n    flag: 'a+'\n  });\n  timeStart = new Date();\n  var diff = loginPage.enterEmailAddress(testData.LoginUserName);\n  timeEnd = new Date();\n  var timeData = timeStart + '.' + timeEnd + '.' + (timeEnd.getMilliseconds() - timeStart.getMilliseconds());\n  cy.writeFile(txtFileName, 'Step 1. Entered User Name . Passed. ' + timeData + '\\n', {\n    flag: 'a+'\n  });\n  var timeStart1 = new Date();\n  loginPage.enterPassword(testData.Password);\n  var timeEnd1 = new Date();\n  var timeData1 = timeStart1 + '.' + timeEnd1 + '.' + (timeEnd1.getMilliseconds() - timeStart1.getMilliseconds());\n  cy.writeFile(txtFileName, 'Step 2. Entered Password . Passed. ' + timeData1 + '\\n', {\n    flag: 'a+'\n  });\n  timeStart = new Date();\n  loginPage.clickSignInBtn();\n  timeEnd = new Date();\n  timeData = timeStart + '.' + timeEnd + '.' + (timeEnd.getMilliseconds() - timeStart.getMilliseconds());\n  cy.writeFile(txtFileName, 'Step 3. Clicked SignIn Btn . Passed. ' + timeData + '\\n', {\n    flag: 'a+'\n  });\n  timeStart = new Date();\n  homePage.clickActivePatients();\n  timeEnd = new Date();\n  timeData = timeStart + '.' + timeEnd + '.' + (timeEnd.getMilliseconds() - timeStart.getMilliseconds());\n  cy.writeFile(txtFileName, 'Step 4. Clicked Active Patient . Passed. ' + timeData + '\\n', {\n    flag: 'a+'\n  });\n  timeStart = new Date();\n  homePage.selectFirstPatient();\n  timeEnd = new Date();\n  timeData = timeStart + '.' + timeEnd + '.' + (timeEnd.getMilliseconds() - timeStart.getMilliseconds());\n  cy.writeFile(txtFileName, 'Step 5. Selected First Patient . Passed. ' + timeData + '\\n', {\n    flag: 'a+'\n  });\n  timeStart = new Date();\n  homePage.clickOnDemandUnderActionsMenu();\n  timeEnd = new Date();\n  timeData = timeStart + '.' + timeEnd + '.' + (timeEnd.getMilliseconds() - timeStart.getMilliseconds());\n  cy.writeFile(txtFileName, 'Step 6. Clicked On Demand under Action Menu . Passed. ' + timeData + '\\n', {\n    flag: 'a+'\n  });\n  timeStart = new Date();\n  sendModalPage.clickSelectForOnDemandCampaign();\n  timeEnd = new Date();\n  timeData = timeStart + '.' + timeEnd + '.' + (timeEnd.getMilliseconds() - timeStart.getMilliseconds());\n  cy.writeFile(txtFileName, 'Step 7. Clicked On Demand Campaign . Passed. ' + timeData + '\\n', {\n    flag: 'a+'\n  });\n  timeStart = new Date();\n  sendModalPage.clickSendMessageButton();\n  timeEnd = new Date();\n  timeData = timeStart + '.' + timeEnd + '.' + (timeEnd.getMilliseconds() - timeStart.getMilliseconds());\n  cy.writeFile(txtFileName, 'Step 8. Clicked Send Message Button . Passed. ' + timeData + '\\n', {\n    flag: 'a+'\n  });\n  timeStart = new Date();\n  sendModalPage.validateSuccessMessage();\n  timeEnd = new Date();\n  timeData = timeStart + '.' + timeEnd + '.' + (timeEnd.getMilliseconds() - timeStart.getMilliseconds());\n  cy.writeFile(txtFileName, 'Step 9. Validated Success Message . Passed. ' + timeData + '\\n', {\n    flag: 'a+'\n  });\n  timeStart = new Date();\n  connectionsPage.clickConnectionsLink();\n  timeEnd = new Date();\n  timeData = timeStart + '.' + timeEnd + '.' + (timeEnd.getMilliseconds() - timeStart.getMilliseconds());\n  cy.writeFile(txtFileName, 'Step 10. Clicked Connection Link . Passed. ' + timeData + '\\n', {\n    flag: 'a+'\n  });\n  timeStart = new Date();\n  connectionsPage.clickCompletedLink();\n  timeEnd = new Date();\n  timeData = timeStart + '.' + timeEnd + '.' + (timeEnd.getMilliseconds() - timeStart.getMilliseconds());\n  cy.writeFile(txtFileName, 'Step 11. Clicked Completed Link . Passed. ' + timeData + '\\n', {\n    flag: 'a+'\n  }); // (async function () {\n  //     await exTest();\n  // })()\n});",
              "err": {},
              "uuid": "561a52c6-d3b2-48ad-b7a5-09c1f422bd59",
              "parentUUID": "d42004bd-f246-4852-a857-5e5711f6ae0c",
              "isHook": false,
              "skipped": false
            }
          ],
          "suites": [],
          "passes": [
            "561a52c6-d3b2-48ad-b7a5-09c1f422bd59"
          ],
          "failures": [],
          "pending": [],
          "skipped": [],
          "duration": 56872,
          "root": false,
          "rootEmpty": false,
          "_timeout": 2000
        }
      ],
      "passes": [],
      "failures": [],
      "pending": [],
      "skipped": [],
      "duration": 0,
      "root": true,
      "rootEmpty": true,
      "_timeout": 2000
    }
  ],
  "meta": {
    "mocha": {
      "version": "7.0.1"
    },
    "mochawesome": {
      "options": {
        "quiet": false,
        "reportFilename": "TabulaRasaExecutionReport",
        "saveHtml": true,
        "saveJson": true,
        "consoleReporter": "spec",
        "useInlineDiffs": false,
        "code": true
      },
      "version": "6.2.2"
    },
    "marge": {
      "options": {
        "reportDir": "cypress/results/mochawesome-report",
        "overwrite": false,
        "reportFilename": "TabulaRasaExecutionReport",
        "html": true,
        "json": true
      },
      "version": "5.2.0"
    }
  }
}