{
  "stats": {
    "suites": 4,
    "tests": 4,
    "passes": 1,
    "pending": 0,
    "failures": 3,
    "start": "2021-05-26T13:55:24.263Z",
    "end": "2021-05-26T14:06:21.888Z",
    "duration": 262979,
    "testsRegistered": 4,
    "passPercent": 25,
    "pendingPercent": 0,
    "other": 0,
    "hasOther": false,
    "skipped": 0,
    "hasSkipped": false
  },
  "results": [
    {
      "uuid": "03cc7298-1c6b-4afb-a519-95c81eb4fcd8",
      "title": "",
      "fullFile": "cypress/integration/ecare_poc.js",
      "file": "cypress/integration/ecare_poc.js",
      "beforeHooks": [],
      "afterHooks": [],
      "tests": [],
      "suites": [
        {
          "uuid": "3db08073-21f8-4bcd-96c9-e44ec4a4e0be",
          "title": "Actions",
          "fullFile": "",
          "file": "",
          "beforeHooks": [],
          "afterHooks": [],
          "tests": [
            {
              "title": "C1 Adding eCare encounter via adding a new patient profile",
              "fullTitle": "Actions C1 Adding eCare encounter via adding a new patient profile",
              "timedOut": null,
              "duration": 134885,
              "state": "passed",
              "speed": "slow",
              "pass": true,
              "fail": false,
              "pending": false,
              "context": null,
              "code": "cy.fixture('TestData/TestData.json').then(testData => {\n  let txtFileName = testData.txtFileLocation + 'eCare.txt';\n  cy.writeFile(txtFileName, 'eCare_POC\\n');\n  cy.writeFile(txtFileName, 'Adding eCare encounter via adding a new patient profile\\n', {\n    flag: 'a+'\n  });\n  loginPage.enterEmailAddress(testData.LoginUserName);\n  cy.writeFile(txtFileName, 'Step 1. Entered User Name . Passed\\n', {\n    flag: 'a+'\n  });\n  loginPage.enterPassword(testData.Password);\n  cy.writeFile(txtFileName, 'Step 2. Entered Password . Passed\\n', {\n    flag: 'a+'\n  });\n  loginPage.clickSignInBtn();\n  cy.writeFile(txtFileName, 'Step 3. Clicked SignIn Btn . Passed\\n', {\n    flag: 'a+'\n  });\n  homePage.ClickAddPatientUnderGearIcon();\n  cy.writeFile(txtFileName, 'Step 4. Clicked Add New patient under Gear Icon . Passed\\n', {\n    flag: 'a+'\n  });\n  let firstname = testData.PatientFirstName + Math.floor(Math.random() * 100000);\n  let lastname = testData.PatientLastName + Math.floor(Math.random() * 100000);\n  addPatient.fillPatientDetails(firstname, lastname, testData.Address, testData.City, testData.State, testData.ZIP);\n  cy.writeFile(txtFileName, 'Step 5. Filled Patient Details . Passed\\n', {\n    flag: 'a+'\n  });\n  cy.writeFile(txtFileName, 'Step 5a. Firstname:' + firstname + '. Passed\\n', {\n    flag: 'a+'\n  });\n  cy.writeFile(txtFileName, 'Step 5b. Lastname:' + lastname + '. Passed\\n', {\n    flag: 'a+'\n  });\n  cy.writeFile(txtFileName, 'Step 5c. Address:' + testData.Address + '. Passed\\n', {\n    flag: 'a+'\n  });\n  cy.writeFile(txtFileName, 'Step 5d. City:' + testData.City + '. Passed\\n', {\n    flag: 'a+'\n  });\n  cy.writeFile(txtFileName, 'Step 5e. State:' + testData.State + '. Passed\\n', {\n    flag: 'a+'\n  });\n  cy.writeFile(txtFileName, 'Step 5f. ZIP:' + testData.ZIP + '. Passed\\n', {\n    flag: 'a+'\n  });\n  addPatient.fillPatientContactAndClickAddButton();\n  cy.writeFile(txtFileName, 'Step 6. Created New Patient . Passed\\n', {\n    flag: 'a+'\n  }); //Instead of validating Green Toaster. We verified Created Patient Firstname & Lastname on Patient Page\n  //Technical Reason: Since the Green Toaster created on old DOM & as soon as we click OK new DOM gets loaded \n  //(i.e) New page navigated. So we took this approach\n  addPatient.validateCreatedPatient(firstname, lastname);\n  cy.writeFile(txtFileName, 'Step 7. Created Patient Validated . Passed\\n', {\n    flag: 'a+'\n  });\n  patientDetailsPage.ClickMedicationTab();\n  cy.writeFile(txtFileName, 'Step 8. Clicked Medication Tab . Passed\\n', {\n    flag: 'a+'\n  });\n  patientDetailsPage.ClickPatientReportedMedicationTab();\n  cy.writeFile(txtFileName, 'Step 9. Clicked Patient Reported Medication Tab . Passed\\n', {\n    flag: 'a+'\n  });\n  patientDetailsPage.addnewMedicationForPatient();\n  cy.writeFile(txtFileName, 'Step 10. Added medication details for newly created patient . Passed\\n', {\n    flag: 'a+'\n  }); //We validated Green Toaster - On this instance entire DOM is not refreshed & navigate to different page\n  //So, we validated short burst message\n  patientDetailsPage.validateAddedMedicationSuccessMessage();\n  cy.writeFile(txtFileName, 'Step 11. Validated newly added medication success message . Passed\\n', {\n    flag: 'a+'\n  });\n  patientDetailsPage.ClickeCarePlansTab();\n  cy.writeFile(txtFileName, 'Step 12. Clicked eCare Plans Tab . Passed\\n', {\n    flag: 'a+'\n  });\n  patientDetailsPage.ClickeCarePlanUnderAddEncounter();\n  cy.writeFile(txtFileName, 'Step 13. Clicked eCare Plan under Add Encounter menu . Passed\\n', {\n    flag: 'a+'\n  });\n  patientDetailsPage.filleCarePlan_NewEncounter_OverviewDetails();\n  cy.writeFile(txtFileName, 'Step 14. Filled Overview Details for new encounter under eCare plan . Passed\\n', {\n    flag: 'a+'\n  });\n  patientDetailsPage.filleCarePlan_NewEncounter_PatientDetails();\n  cy.writeFile(txtFileName, 'Step 15. Filled Patient Details for new encounter under eCare plan . Passed\\n', {\n    flag: 'a+'\n  });\n  patientDetailsPage.filleCarePlan_NewEncounter_Insurance_AddNewPlan_Details();\n  cy.writeFile(txtFileName, 'Step 16. Filled Insurance Details (Add New Plan) for new encounter under eCare plan . Passed\\n', {\n    flag: 'a+'\n  });\n  patientDetailsPage.filleCarePlan_NewEncounter_MedicalHistory_AddCondition_Details();\n  cy.writeFile(txtFileName, 'Step 17. Filled Add Conditions Details (Medical History) for new encounter under eCare plan . Passed\\n', {\n    flag: 'a+'\n  });\n  patientDetailsPage.filleCarePlan_NewEncounter_MedicationDetails();\n  cy.writeFile(txtFileName, 'Step 18. Filled Medication Details for new encounter under eCare plan . Passed\\n', {\n    flag: 'a+'\n  });\n  patientDetailsPage.filleCarePlan_NewEncounter_GoalsDetails();\n  cy.writeFile(txtFileName, 'Step 19. Filled Goals Details for new encounter under eCare plan . Passed\\n', {\n    flag: 'a+'\n  });\n  patientDetailsPage.completeEncounter();\n  cy.writeFile(txtFileName, 'Step 20. Clicked Complete Encounter . Passed\\n', {\n    flag: 'a+'\n  }); //Added validation for existence of \"re-open\" button which verifies the successful completion of eCare Goal/Plan\n  patientDetailsPage.validateeCareCompleted();\n  cy.writeFile(txtFileName, 'Step 21. Validated eCare Completed . Passed\\n', {\n    flag: 'a+'\n  });\n});",
              "err": {},
              "uuid": "d24fe4c6-7f0f-4240-a5a8-777f1b4b51ed",
              "parentUUID": "3db08073-21f8-4bcd-96c9-e44ec4a4e0be",
              "isHook": false,
              "skipped": false
            }
          ],
          "suites": [],
          "passes": [
            "d24fe4c6-7f0f-4240-a5a8-777f1b4b51ed"
          ],
          "failures": [],
          "pending": [],
          "skipped": [],
          "duration": 134885,
          "root": false,
          "rootEmpty": false,
          "_timeout": 2000
        }
      ],
      "passes": [],
      "failures": [],
      "pending": [],
      "skipped": [],
      "duration": 0,
      "root": true,
      "rootEmpty": true,
      "_timeout": 2000
    },
    {
      "uuid": "e46fa009-3b27-40a8-b14b-6fcb372a46ae",
      "title": "",
      "fullFile": "cypress/integration/ondemand_poc.js",
      "file": "cypress/integration/ondemand_poc.js",
      "beforeHooks": [],
      "afterHooks": [],
      "tests": [],
      "suites": [
        {
          "uuid": "7c7e025a-5bb3-4143-9479-4136900edd6f",
          "title": "Actions",
          "fullFile": "",
          "file": "",
          "beforeHooks": [],
          "afterHooks": [],
          "tests": [
            {
              "title": "C2 Sending an OnDemand via the ‘Active Patients’ patient list",
              "fullTitle": "Actions C2 Sending an OnDemand via the ‘Active Patients’ patient list",
              "timedOut": null,
              "duration": 51549,
              "state": "failed",
              "speed": null,
              "pass": false,
              "fail": true,
              "pending": false,
              "context": null,
              "code": "cy.fixture('TestData/TestData.json').then(testData => {\n  let timeStart;\n  let timeEnd;\n  let txtFileName = testData.txtFileLocation + 'OnDemand.txt';\n  cy.writeFile(txtFileName, 'OnDemand_POC\\n');\n  cy.writeFile(txtFileName, 'Sending an OnDemand via the ‘Active Patients’ patient list\\n', {\n    flag: 'a+'\n  });\n  timeStart = new Date();\n  var diff = loginPage.enterEmailAddress(testData.LoginUserName);\n  timeEnd = new Date();\n  let timeData = timeStart + '.' + timeEnd + '.' + (timeEnd.getMilliseconds() - timeStart.getMilliseconds());\n  cy.writeFile(txtFileName, 'Step 1. Entered User Name . Passed. ' + timeData + '\\n', {\n    flag: 'a+'\n  });\n  let timeStart1 = new Date();\n  loginPage.enterPassword(testData.Password);\n  let timeEnd1 = new Date();\n  let timeData1 = timeStart1 + '.' + timeEnd1 + '.' + (timeEnd1.getMilliseconds() - timeStart1.getMilliseconds());\n  cy.writeFile(txtFileName, 'Step 2. Entered Password . Passed. ' + timeData1 + '\\n', {\n    flag: 'a+'\n  });\n  timeStart = new Date();\n  loginPage.clickSignInBtn();\n  timeEnd = new Date();\n  timeData = timeStart + '.' + timeEnd + '.' + (timeEnd.getMilliseconds() - timeStart.getMilliseconds());\n  cy.writeFile(txtFileName, 'Step 3. Clicked SignIn Btn . Passed. ' + timeData + '\\n', {\n    flag: 'a+'\n  });\n  timeStart = new Date();\n  homePage.clickActivePatients();\n  timeEnd = new Date();\n  timeData = timeStart + '.' + timeEnd + '.' + (timeEnd.getMilliseconds() - timeStart.getMilliseconds());\n  cy.writeFile(txtFileName, 'Step 4. Clicked Active Patient . Passed. ' + timeData + '\\n', {\n    flag: 'a+'\n  });\n  timeStart = new Date();\n  homePage.selectFirstPatient();\n  timeEnd = new Date();\n  timeData = timeStart + '.' + timeEnd + '.' + (timeEnd.getMilliseconds() - timeStart.getMilliseconds());\n  cy.writeFile(txtFileName, 'Step 5. Selected First Patient . Passed. ' + timeData + '\\n', {\n    flag: 'a+'\n  });\n  timeStart = new Date();\n  homePage.clickOnDemandUnderActionsMenu();\n  timeEnd = new Date();\n  timeData = timeStart + '.' + timeEnd + '.' + (timeEnd.getMilliseconds() - timeStart.getMilliseconds());\n  cy.writeFile(txtFileName, 'Step 6. Clicked On Demand under Action Menu . Passed. ' + timeData + '\\n', {\n    flag: 'a+'\n  });\n  timeStart = new Date();\n  sendModalPage.clickSelectForOnDemandCampaign();\n  timeEnd = new Date();\n  timeData = timeStart + '.' + timeEnd + '.' + (timeEnd.getMilliseconds() - timeStart.getMilliseconds());\n  cy.writeFile(txtFileName, 'Step 7. Clicked On Demand Campaign . Passed. ' + timeData + '\\n', {\n    flag: 'a+'\n  });\n  timeStart = new Date();\n  sendModalPage.clickSendMessageButton();\n  timeEnd = new Date();\n  timeData = timeStart + '.' + timeEnd + '.' + (timeEnd.getMilliseconds() - timeStart.getMilliseconds());\n  cy.writeFile(txtFileName, 'Step 8. Clicked Send Message Button . Passed. ' + timeData + '\\n', {\n    flag: 'a+'\n  });\n  timeStart = new Date();\n  sendModalPage.validateSuccessMessage();\n  timeEnd = new Date();\n  timeData = timeStart + '.' + timeEnd + '.' + (timeEnd.getMilliseconds() - timeStart.getMilliseconds());\n  cy.writeFile(txtFileName, 'Step 9. Validated Success Message . Passed. ' + timeData + '\\n', {\n    flag: 'a+'\n  });\n  timeStart = new Date();\n  connectionsPage.clickConnectionsLink();\n  timeEnd = new Date();\n  timeData = timeStart + '.' + timeEnd + '.' + (timeEnd.getMilliseconds() - timeStart.getMilliseconds());\n  cy.writeFile(txtFileName, 'Step 10. Clicked Connection Link . Passed. ' + timeData + '\\n', {\n    flag: 'a+'\n  });\n  timeStart = new Date();\n  connectionsPage.clickCompletedLink();\n  timeEnd = new Date();\n  timeData = timeStart + '.' + timeEnd + '.' + (timeEnd.getMilliseconds() - timeStart.getMilliseconds());\n  cy.writeFile(txtFileName, 'Step 11. Clicked Completed Link . Passed. ' + timeData + '\\n', {\n    flag: 'a+'\n  }); // (async function () {\n  //     await exTest();\n  // })()\n});",
              "err": {
                "message": "CypressError: `cy.screenshot()` timed out waiting `30000ms` to complete.",
                "estack": "CypressError: `cy.screenshot()` timed out waiting `30000ms` to complete.\n    at https://beta-account.prescribewellness.com/__cypress/runner/cypress_runner.js:140355:22\n    at tryCatcher (https://beta-account.prescribewellness.com/__cypress/runner/cypress_runner.js:10798:23)\n    at https://beta-account.prescribewellness.com/__cypress/runner/cypress_runner.js:5920:41\n    at tryCatcher (https://beta-account.prescribewellness.com/__cypress/runner/cypress_runner.js:10798:23)\n    at Promise._settlePromiseFromHandler (https://beta-account.prescribewellness.com/__cypress/runner/cypress_runner.js:8733:31)\n    at Promise._settlePromise (https://beta-account.prescribewellness.com/__cypress/runner/cypress_runner.js:8790:18)\n    at Promise._settlePromise0 (https://beta-account.prescribewellness.com/__cypress/runner/cypress_runner.js:8835:10)\n    at Promise._settlePromises (https://beta-account.prescribewellness.com/__cypress/runner/cypress_runner.js:8911:18)\n    at _drainQueueStep (https://beta-account.prescribewellness.com/__cypress/runner/cypress_runner.js:5505:12)\n    at _drainQueue (https://beta-account.prescribewellness.com/__cypress/runner/cypress_runner.js:5498:9)\n    at Async.../../node_modules/bluebird/js/release/async.js.Async._drainQueues (https://beta-account.prescribewellness.com/__cypress/runner/cypress_runner.js:5514:5)\n    at Async.drainQueues (https://beta-account.prescribewellness.com/__cypress/runner/cypress_runner.js:5384:14)",
                "diff": null
              },
              "uuid": "34efb8cc-b7d2-4e51-b459-34e453b0bb72",
              "parentUUID": "7c7e025a-5bb3-4143-9479-4136900edd6f",
              "isHook": false,
              "skipped": false
            }
          ],
          "suites": [],
          "passes": [],
          "failures": [
            "34efb8cc-b7d2-4e51-b459-34e453b0bb72"
          ],
          "pending": [],
          "skipped": [],
          "duration": 51549,
          "root": false,
          "rootEmpty": false,
          "_timeout": 2000
        }
      ],
      "passes": [],
      "failures": [],
      "pending": [],
      "skipped": [],
      "duration": 0,
      "root": true,
      "rootEmpty": true,
      "_timeout": 2000
    },
    {
      "uuid": "04d02d95-145e-4204-9b3f-300e254b62b6",
      "title": "",
      "fullFile": "cypress/integration/vaccinations_poc.js",
      "file": "cypress/integration/vaccinations_poc.js",
      "beforeHooks": [],
      "afterHooks": [],
      "tests": [],
      "suites": [
        {
          "uuid": "38ae5281-0446-41e5-b0d3-7c2fd7278eee",
          "title": "Actions",
          "fullFile": "",
          "file": "",
          "beforeHooks": [],
          "afterHooks": [],
          "tests": [
            {
              "title": "C3 Administering vaccine via adding a new patient profile",
              "fullTitle": "Actions C3 Administering vaccine via adding a new patient profile",
              "timedOut": null,
              "duration": 42867,
              "state": "failed",
              "speed": null,
              "pass": false,
              "fail": true,
              "pending": false,
              "context": null,
              "code": "cy.fixture('TestData/TestData.json').then(testData => {\n  let txtFileName = testData.txtFileLocation + 'Vaccinations.txt';\n  cy.writeFile(txtFileName, 'Vaccinations_POC\\n');\n  cy.writeFile(txtFileName, 'Administering vaccine via adding a new patient profile\\n', {\n    flag: 'a+'\n  });\n  loginPage.enterEmailAddress(testData.LoginUserName);\n  cy.writeFile(txtFileName, 'Step 1. Entered User Name . Passed\\n', {\n    flag: 'a+'\n  });\n  loginPage.enterPassword(testData.Password);\n  cy.writeFile(txtFileName, 'Step 2. Entered Password . Passed\\n', {\n    flag: 'a+'\n  });\n  loginPage.clickSignInBtn();\n  cy.writeFile(txtFileName, 'Step 3. Clicked SignIn Btn . Passed\\n', {\n    flag: 'a+'\n  });\n  homePage.ClickAddPatientUnderGearIcon();\n  cy.writeFile(txtFileName, 'Step 4. Clicked Add New patient under Gear Icon . Passed\\n', {\n    flag: 'a+'\n  });\n  let firstname = testData.PatientFirstName + Math.floor(Math.random() * 100000);\n  let lastname = testData.PatientLastName + Math.floor(Math.random() * 100000);\n  addPatient.fillPatientDetails(firstname, lastname, testData.Address, testData.City, testData.State, testData.ZIP);\n  cy.writeFile(txtFileName, 'Step 5. Filled Patient Details . Passed\\n', {\n    flag: 'a+'\n  });\n  cy.writeFile(txtFileName, 'Step 5a. Firstname:' + firstname + '. Passed\\n', {\n    flag: 'a+'\n  });\n  cy.writeFile(txtFileName, 'Step 5b. Lastname:' + lastname + '. Passed\\n', {\n    flag: 'a+'\n  });\n  cy.writeFile(txtFileName, 'Step 5c. Address:' + testData.Address + '. Passed\\n', {\n    flag: 'a+'\n  });\n  cy.writeFile(txtFileName, 'Step 5d. City:' + testData.City + '. Passed\\n', {\n    flag: 'a+'\n  });\n  cy.writeFile(txtFileName, 'Step 5e. State:' + testData.State + '. Passed\\n', {\n    flag: 'a+'\n  });\n  cy.writeFile(txtFileName, 'Step 5f. ZIP:' + testData.ZIP + '. Passed\\n', {\n    flag: 'a+'\n  });\n  addPatient.fillPatientContactAndClickAddButton();\n  cy.writeFile(txtFileName, 'Step 6. Created New Patient . Passed\\n', {\n    flag: 'a+'\n  }); //Instead of validating Green Toaster. We verified Created Patient Firstname & Lastname on Patient Page\n  //Technical Reason: Since the Green Toaster created on old DOM & as soon as we click OK new DOM gets loaded \n  //(i.e) New page navigated. So we took this approach\n  addPatient.validateCreatedPatient(firstname, lastname);\n  cy.writeFile(txtFileName, 'Step 7. Created Patient Validated . Passed\\n', {\n    flag: 'a+'\n  }); //** Add validate for that  green toaster message stating:\n  //** “Success Account creation successful” should display in upper-right hand corner  */\n  patientDetailsPage.ClickVaccinationsTab();\n  cy.writeFile(txtFileName, 'Step 8. Clicked Vaccination Tab . Passed\\n', {\n    flag: 'a+'\n  });\n  patientDetailsPage.ClickAddNewButton();\n  cy.writeFile(txtFileName, 'Step 8. Clicked Vaccination Tab . Passed\\n', {\n    flag: 'a+'\n  });\n  patientDetailsPage.fillVaccineDetails();\n  cy.writeFile(txtFileName, 'Step 9. Filled Vaccination Details . Passed\\n', {\n    flag: 'a+'\n  });\n  patientDetailsPage.fillPatientDetails();\n  cy.writeFile(txtFileName, 'Step 10. Filled Patient Details . Passed\\n', {\n    flag: 'a+'\n  });\n  patientDetailsPage.fillContactDetails();\n  cy.writeFile(txtFileName, 'Step 11. Filled Contact Details . Passed\\n', {\n    flag: 'a+'\n  }); // Validated Green Toaster Success Message\n  patientDetailsPage.validateVaccineAdministered();\n  cy.writeFile(txtFileName, 'Step 12. Validated Vaccine Administered message . Passed\\n', {\n    flag: 'a+'\n  });\n});",
              "err": {
                "message": "CypressError: `cy.visit()` failed trying to load:\n\nhttps://beta-web.prescribewellness.com/Patient/Details?undefined\n\nThe response we received from your web server was:\n\n  > 500: Internal Server Error\n\nThis was considered a failure because the status code was not `2xx`.\n\nIf you do not want status codes to cause failures pass the option: `failOnStatusCode: false`",
                "estack": "CypressError: `cy.visit()` failed trying to load:\n\nhttps://beta-web.prescribewellness.com/Patient/Details?undefined\n\nThe response we received from your web server was:\n\n  > 500: Internal Server Error\n\nThis was considered a failure because the status code was not `2xx`.\n\nIf you do not want status codes to cause failures pass the option: `failOnStatusCode: false`\n    at https://beta-account.prescribewellness.com/__cypress/runner/cypress_runner.js:138969:25\n    at visitFailedByErr (https://beta-account.prescribewellness.com/__cypress/runner/cypress_runner.js:138344:12)\n    at https://beta-account.prescribewellness.com/__cypress/runner/cypress_runner.js:138949:13\n    at tryCatcher (https://beta-account.prescribewellness.com/__cypress/runner/cypress_runner.js:10798:23)\n    at Promise._settlePromiseFromHandler (https://beta-account.prescribewellness.com/__cypress/runner/cypress_runner.js:8733:31)\n    at Promise._settlePromise (https://beta-account.prescribewellness.com/__cypress/runner/cypress_runner.js:8790:18)\n    at Promise._settlePromise0 (https://beta-account.prescribewellness.com/__cypress/runner/cypress_runner.js:8835:10)\n    at Promise._settlePromises (https://beta-account.prescribewellness.com/__cypress/runner/cypress_runner.js:8911:18)\n    at _drainQueueStep (https://beta-account.prescribewellness.com/__cypress/runner/cypress_runner.js:5505:12)\n    at _drainQueue (https://beta-account.prescribewellness.com/__cypress/runner/cypress_runner.js:5498:9)\n    at Async.../../node_modules/bluebird/js/release/async.js.Async._drainQueues (https://beta-account.prescribewellness.com/__cypress/runner/cypress_runner.js:5514:5)\n    at Async.drainQueues (https://beta-account.prescribewellness.com/__cypress/runner/cypress_runner.js:5384:14)\nFrom Your Spec Code:\n    at Context.eval (https://beta-account.prescribewellness.com/__cypress/tests?p=cypress\\integration\\vaccinations_poc.js:173:12)",
                "diff": null
              },
              "uuid": "e1aa5106-3985-4d21-aa53-9c2396dd7a03",
              "parentUUID": "38ae5281-0446-41e5-b0d3-7c2fd7278eee",
              "isHook": false,
              "skipped": false
            }
          ],
          "suites": [],
          "passes": [],
          "failures": [
            "e1aa5106-3985-4d21-aa53-9c2396dd7a03"
          ],
          "pending": [],
          "skipped": [],
          "duration": 42867,
          "root": false,
          "rootEmpty": false,
          "_timeout": 2000
        }
      ],
      "passes": [],
      "failures": [],
      "pending": [],
      "skipped": [],
      "duration": 0,
      "root": true,
      "rootEmpty": true,
      "_timeout": 2000
    },
    {
      "uuid": "abd17abf-2944-412b-bbc6-3fd7f69c9ddc",
      "title": "",
      "fullFile": "cypress/integration/NegativeScenario_ReTry.js",
      "file": "cypress/integration/NegativeScenario_ReTry.js",
      "beforeHooks": [],
      "afterHooks": [],
      "tests": [],
      "suites": [
        {
          "uuid": "43ea6dd4-32a1-4eec-9aa6-985b6f5b0642",
          "title": "Actions",
          "fullFile": "",
          "file": "",
          "beforeHooks": [],
          "afterHooks": [],
          "tests": [
            {
              "title": "Negative Scenario - To showcase RETRY in Cypress",
              "fullTitle": "Actions Negative Scenario - To showcase RETRY in Cypress",
              "timedOut": null,
              "duration": 33678,
              "state": "failed",
              "speed": null,
              "pass": false,
              "fail": true,
              "pending": false,
              "context": null,
              "code": "cy.fixture('TestData/TestData.json').then(testData => {\n  let txtFileName = testData.txtFileLocation + 'NegativeScenario.txt';\n  cy.writeFile(txtFileName, 'Negative_Scenario\\n');\n  cy.writeFile(txtFileName, 'Negative Scenario - To showcase RETRY in Cypress\\n', {\n    flag: 'a+'\n  });\n  loginPage.enterEmailAddress(\"ScriptFaile@gmail.com\");\n  cy.writeFile(txtFileName, 'Step 1. Entered User Name . Passed\\n', {\n    flag: 'a+'\n  });\n  loginPage.enterPassword(testData.Password);\n  cy.writeFile(txtFileName, 'Step 2. Entered Password . Passed\\n', {\n    flag: 'a+'\n  });\n  loginPage.clickSignInBtn();\n  cy.writeFile(txtFileName, 'Step 3. Clicked SignIn Btn . Passed\\n', {\n    flag: 'a+'\n  });\n});",
              "err": {
                "message": "AssertionError: Timed out retrying after 30000ms: Expected to find element: `a[href*='/Home/Dashboard']`, but never found it.",
                "estack": "AssertionError: Timed out retrying after 30000ms: Expected to find element: `a[href*='/Home/Dashboard']`, but never found it.\n    at Context.eval (https://beta-account.prescribewellness.com/__cypress/tests?p=cypress\\integration\\NegativeScenario_ReTry.js:502:10)",
                "diff": null
              },
              "uuid": "d9fe2523-f5ec-4e7c-b40d-b61dedd4d0be",
              "parentUUID": "43ea6dd4-32a1-4eec-9aa6-985b6f5b0642",
              "isHook": false,
              "skipped": false
            }
          ],
          "suites": [],
          "passes": [],
          "failures": [
            "d9fe2523-f5ec-4e7c-b40d-b61dedd4d0be"
          ],
          "pending": [],
          "skipped": [],
          "duration": 33678,
          "root": false,
          "rootEmpty": false,
          "_timeout": 2000
        }
      ],
      "passes": [],
      "failures": [],
      "pending": [],
      "skipped": [],
      "duration": 0,
      "root": true,
      "rootEmpty": true,
      "_timeout": 2000
    }
  ],
  "meta": {
    "mocha": {
      "version": "7.0.1"
    },
    "mochawesome": {
      "options": {
        "quiet": false,
        "reportFilename": "TabulaRasaExecutionReport",
        "saveHtml": true,
        "saveJson": true,
        "consoleReporter": "spec",
        "useInlineDiffs": false,
        "code": true
      },
      "version": "6.2.2"
    },
    "marge": {
      "options": {
        "reportDir": "cypress/results/mochawesome-report",
        "overwrite": false,
        "reportFilename": "TabulaRasaExecutionReport",
        "html": true,
        "json": true
      },
      "version": "5.2.0"
    }
  }
}